mode: atomic
github.com/nnachevv/passmag/storage/storage.go:24.80,25.42 1 2
github.com/nnachevv/passmag/storage/storage.go:29.2,32.22 3 1
github.com/nnachevv/passmag/storage/storage.go:37.2,37.15 1 1
github.com/nnachevv/passmag/storage/storage.go:25.42,27.3 1 1
github.com/nnachevv/passmag/storage/storage.go:32.22,33.19 1 4
github.com/nnachevv/passmag/storage/storage.go:33.19,35.4 1 3
github.com/nnachevv/passmag/storage/storage.go:41.46,45.16 3 0
github.com/nnachevv/passmag/storage/storage.go:49.2,49.15 1 0
github.com/nnachevv/passmag/storage/storage.go:45.16,47.3 1 0
github.com/nnachevv/passmag/storage/storage.go:53.52,54.36 1 3
github.com/nnachevv/passmag/storage/storage.go:58.2,59.12 2 2
github.com/nnachevv/passmag/storage/storage.go:54.36,56.3 1 1
github.com/nnachevv/passmag/storage/storage.go:63.45,64.37 1 2
github.com/nnachevv/passmag/storage/storage.go:68.2,69.12 2 1
github.com/nnachevv/passmag/storage/storage.go:64.37,66.3 1 1
github.com/nnachevv/passmag/storage/storage.go:73.52,74.37 1 2
github.com/nnachevv/passmag/storage/storage.go:78.2,78.39 1 1
github.com/nnachevv/passmag/storage/storage.go:74.37,76.3 1 1
github.com/nnachevv/passmag/storage/storage.go:82.49,84.2 1 1
github.com/nnachevv/passmag/storage/storage.go:87.33,89.16 2 0
github.com/nnachevv/passmag/storage/storage.go:93.2,93.32 1 0
github.com/nnachevv/passmag/storage/storage.go:103.2,103.54 1 0
github.com/nnachevv/passmag/storage/storage.go:89.16,91.3 1 0
github.com/nnachevv/passmag/storage/storage.go:94.17,96.46 2 0
github.com/nnachevv/passmag/storage/storage.go:97.15,98.85 1 0
github.com/nnachevv/passmag/storage/storage.go:99.16,100.95 1 0
github.com/nnachevv/passmag/storage/storage.go:107.36,109.24 2 0
github.com/nnachevv/passmag/storage/storage.go:113.2,113.12 1 0
github.com/nnachevv/passmag/storage/storage.go:109.24,112.3 2 0
